Line 135: Class MSAdodcLib.Adodc of control Logindb was not a loaded control class.
Line 141: The property name _ExtentX in Logindb is invalid.
Line 142: The property name _ExtentY in Logindb is invalid.
Line 143: The property name ConnectMode in Logindb is invalid.
Line 144: The property name CursorLocation in Logindb is invalid.
Line 145: The property name IsolationLevel in Logindb is invalid.
Line 146: The property name ConnectionTimeout in Logindb is invalid.
Line 147: The property name CommandTimeout in Logindb is invalid.
Line 148: The property name CursorType in Logindb is invalid.
Line 149: The property name LockType in Logindb is invalid.
Line 150: The property name CommandType in Logindb is invalid.
Line 151: The property name CursorOptions in Logindb is invalid.
Line 152: The property name CacheSize in Logindb is invalid.
Line 153: The property name MaxRecords in Logindb is invalid.
Line 154: The property name BOFAction in Logindb is invalid.
Line 155: The property name EOFAction in Logindb is invalid.
Line 156: The property name ConnectStringType in Logindb is invalid.
Line 160: The property name Orientation in Logindb is invalid.
Line 162: The property name Connect in Logindb is invalid.
Line 163: The property name OLEDBString in Logindb is invalid.
Line 164: The property name OLEDBFile in Logindb is invalid.
Line 165: The property name DataSourceName in Logindb is invalid.
Line 166: The property name OtherAttributes in Logindb is invalid.
Line 167: The property name UserName in Logindb is invalid.
Line 168: The property name Password in Logindb is invalid.
Line 169: The property name RecordSource in Logindb is invalid.
Line 170: The property name Caption in Logindb is invalid.
Line 180: The property name _Version in Logindb is invalid.
Line 141: The property name _ExtentX in Logindb is invalid.
Line 142: The property name _ExtentY in Logindb is invalid.
Line 143: The property name ConnectMode in Logindb is invalid.
Line 144: The property name CursorLocation in Logindb is invalid.
Line 145: The property name IsolationLevel in Logindb is invalid.
Line 146: The property name ConnectionTimeout in Logindb is invalid.
Line 147: The property name CommandTimeout in Logindb is invalid.
Line 148: The property name CursorType in Logindb is invalid.
Line 149: The property name LockType in Logindb is invalid.
Line 150: The property name CommandType in Logindb is invalid.
Line 151: The property name CursorOptions in Logindb is invalid.
Line 152: The property name CacheSize in Logindb is invalid.
Line 153: The property name MaxRecords in Logindb is invalid.
Line 154: The property name BOFAction in Logindb is invalid.
Line 155: The property name EOFAction in Logindb is invalid.
Line 156: The property name ConnectStringType in Logindb is invalid.
Line 160: The property name Orientation in Logindb is invalid.
Line 162: The property name Connect in Logindb is invalid.
Line 163: The property name OLEDBString in Logindb is invalid.
Line 164: The property name OLEDBFile in Logindb is invalid.
Line 165: The property name DataSourceName in Logindb is invalid.
Line 166: The property name OtherAttributes in Logindb is invalid.
Line 167: The property name UserName in Logindb is invalid.
Line 168: The property name Password in Logindb is invalid.
Line 169: The property name RecordSource in Logindb is invalid.
Line 170: The property name Caption in Logindb is invalid.
Line 180: The property name _Version in Logindb is invalid.
