Line 14: Class MSAdodcLib.Adodc of control Seatdb was not a loaded control class.
Line 19: The property name _ExtentX in Seatdb is invalid.
Line 20: The property name _ExtentY in Seatdb is invalid.
Line 21: The property name ConnectMode in Seatdb is invalid.
Line 22: The property name CursorLocation in Seatdb is invalid.
Line 23: The property name IsolationLevel in Seatdb is invalid.
Line 24: The property name ConnectionTimeout in Seatdb is invalid.
Line 25: The property name CommandTimeout in Seatdb is invalid.
Line 26: The property name CursorType in Seatdb is invalid.
Line 27: The property name LockType in Seatdb is invalid.
Line 28: The property name CommandType in Seatdb is invalid.
Line 29: The property name CursorOptions in Seatdb is invalid.
Line 30: The property name CacheSize in Seatdb is invalid.
Line 31: The property name MaxRecords in Seatdb is invalid.
Line 32: The property name BOFAction in Seatdb is invalid.
Line 33: The property name EOFAction in Seatdb is invalid.
Line 34: The property name ConnectStringType in Seatdb is invalid.
Line 38: The property name Orientation in Seatdb is invalid.
Line 40: The property name Connect in Seatdb is invalid.
Line 41: The property name OLEDBString in Seatdb is invalid.
Line 42: The property name OLEDBFile in Seatdb is invalid.
Line 43: The property name DataSourceName in Seatdb is invalid.
Line 44: The property name OtherAttributes in Seatdb is invalid.
Line 45: The property name UserName in Seatdb is invalid.
Line 46: The property name Password in Seatdb is invalid.
Line 47: The property name RecordSource in Seatdb is invalid.
Line 48: The property name Caption in Seatdb is invalid.
Line 58: The property name _Version in Seatdb is invalid.
Line 19: The property name _ExtentX in Seatdb is invalid.
Line 20: The property name _ExtentY in Seatdb is invalid.
Line 21: The property name ConnectMode in Seatdb is invalid.
Line 22: The property name CursorLocation in Seatdb is invalid.
Line 23: The property name IsolationLevel in Seatdb is invalid.
Line 24: The property name ConnectionTimeout in Seatdb is invalid.
Line 25: The property name CommandTimeout in Seatdb is invalid.
Line 26: The property name CursorType in Seatdb is invalid.
Line 27: The property name LockType in Seatdb is invalid.
Line 28: The property name CommandType in Seatdb is invalid.
Line 29: The property name CursorOptions in Seatdb is invalid.
Line 30: The property name CacheSize in Seatdb is invalid.
Line 31: The property name MaxRecords in Seatdb is invalid.
Line 32: The property name BOFAction in Seatdb is invalid.
Line 33: The property name EOFAction in Seatdb is invalid.
Line 34: The property name ConnectStringType in Seatdb is invalid.
Line 38: The property name Orientation in Seatdb is invalid.
Line 40: The property name Connect in Seatdb is invalid.
Line 41: The property name OLEDBString in Seatdb is invalid.
Line 42: The property name OLEDBFile in Seatdb is invalid.
Line 43: The property name DataSourceName in Seatdb is invalid.
Line 44: The property name OtherAttributes in Seatdb is invalid.
Line 45: The property name UserName in Seatdb is invalid.
Line 46: The property name Password in Seatdb is invalid.
Line 47: The property name RecordSource in Seatdb is invalid.
Line 48: The property name Caption in Seatdb is invalid.
Line 58: The property name _Version in Seatdb is invalid.
